<?xml version="1.0" encoding="UTF-8"?>
<!-- Generated by org.testng.reporters.JUnitXMLReporter -->
<testsuite ignored="0" hostname="INL20-IAAAABDD" failures="0" tests="8" name="Regression" time="897.671" errors="0" timestamp="2022-06-21T11:49:45 IST">
  <testcase classname="org.testing.TestScripts.TC1" name="test" time="51.664"/>
  <testcase classname="org.testing.TestScripts.TC2" name="test" time="54.985"/>
  <testcase classname="org.testing.TestScripts.TC3" name="test" time="46.282"/>
  <testcase classname="org.testing.TestScripts.TC4" name="test" time="56.024"/>
  <testcase classname="org.testing.TestScripts.TC5" name="test" time="57.537"/>
  <testcase classname="org.testing.TestScripts.TC6" name="test" time="78.321"/>
  <testcase classname="org.testing.TestScripts.TC7" name="test" time="61.612"/>
  <testcase classname="org.testing.TestScripts.TC8" name="test" time="55.961"/>
</testsuite> <!-- Regression -->
